[debug] [2021-04-18T13:37:51.918Z] ----------------------------------------------------------------------
[debug] [2021-04-18T13:37:51.920Z] Command:       C:\Program Files\nodejs\node.exe C:\Users\Pat\AppData\Roaming\npm\node_modules\firebase-tools\lib\bin\firebase.js init
[debug] [2021-04-18T13:37:51.921Z] CLI Version:   9.10.0
[debug] [2021-04-18T13:37:51.921Z] Platform:      win32
[debug] [2021-04-18T13:37:51.921Z] Node Version:  v14.15.1
[debug] [2021-04-18T13:37:51.922Z] Time:          Sun Apr 18 2021 15:37:51 GMT+0200 (czas środkowoeuropejski letni)
[debug] [2021-04-18T13:37:51.923Z] ----------------------------------------------------------------------
[debug] 
[debug] [2021-04-18T13:37:51.932Z] > command requires scopes: ["email","openid","https://www.googleapis.com/auth/cloudplatformprojects.readonly","https://www.googleapis.com/auth/firebase","https://www.googleapis.com/auth/cloud-platform"]
[debug] [2021-04-18T13:37:51.932Z] > authorizing via signed-in user (bartek0894@gmail.com)
[info] 
     ######## #### ########  ######## ########     ###     ######  ########
     ##        ##  ##     ## ##       ##     ##  ##   ##  ##       ##
     ######    ##  ########  ######   ########  #########  ######  ######
     ##        ##  ##    ##  ##       ##     ## ##     ##       ## ##
     ##       #### ##     ## ######## ########  ##     ##  ######  ########

You're about to initialize a Firebase project in this directory:

  C:\bartek\money-manager

Before we get started, keep in mind:

  * You are currently outside your home directory
  * You are initializing in an existing Firebase project directory

